Using pre-set license
Built from '6000.0/release' branch; Version is '6000.0.43f1 (97272b72f107) revision 9905963'; Using compiler version '193933523'; Build Type 'Release'
OS: 'Windows 11  (10.0.22631) 64bit CoreSingleLanguage' Language: 'es' Physical Memory: 14188 MB
BatchMode: 1, IsHumanControllingUs: 0, StartBugReporterOnCrash: 0, Is64bit: 1, IsPro: 1

COMMAND LINE ARGUMENTS:
C:\Program Files\Unity\Hub\Editor\6000.0.43f1\Editor\Unity.exe
-adb2
-batchMode
-noUpm
-name
AssetImportWorker0
-projectPath
C:/Users/TEC/Super Mario Bros
-logFile
Logs/AssetImportWorker0.log
-srvPort
61033
-job-worker-count
7
-background-job-worker-count
8
-gc-helper-count
1
Successfully changed project path to: C:/Users/TEC/Super Mario Bros
C:/Users/TEC/Super Mario Bros
[UnityMemory] Configuration Parameters - Can be set up in boot.config
    "memorysetup-bucket-allocator-granularity=16"
    "memorysetup-bucket-allocator-bucket-count=8"
    "memorysetup-bucket-allocator-block-size=33554432"
    "memorysetup-bucket-allocator-block-count=8"
    "memorysetup-main-allocator-block-size=16777216"
    "memorysetup-thread-allocator-block-size=16777216"
    "memorysetup-gfx-main-allocator-block-size=16777216"
    "memorysetup-gfx-thread-allocator-block-size=16777216"
    "memorysetup-cache-allocator-block-size=4194304"
    "memorysetup-typetree-allocator-block-size=2097152"
    "memorysetup-profiler-bucket-allocator-granularity=16"
    "memorysetup-profiler-bucket-allocator-bucket-count=8"
    "memorysetup-profiler-bucket-allocator-block-size=33554432"
    "memorysetup-profiler-bucket-allocator-block-count=8"
    "memorysetup-profiler-allocator-block-size=16777216"
    "memorysetup-profiler-editor-allocator-block-size=1048576"
    "memorysetup-temp-allocator-size-main=16777216"
    "memorysetup-job-temp-allocator-block-size=2097152"
    "memorysetup-job-temp-allocator-block-size-background=1048576"
    "memorysetup-job-temp-allocator-reduction-small-platforms=262144"
    "memorysetup-allocator-temp-initial-block-size-main=262144"
    "memorysetup-allocator-temp-initial-block-size-worker=262144"
    "memorysetup-temp-allocator-size-background-worker=32768"
    "memorysetup-temp-allocator-size-job-worker=262144"
    "memorysetup-temp-allocator-size-preload-manager=33554432"
    "memorysetup-temp-allocator-size-nav-mesh-worker=65536"
    "memorysetup-temp-allocator-size-audio-worker=65536"
    "memorysetup-temp-allocator-size-cloud-worker=32768"
    "memorysetup-temp-allocator-size-gi-baking-worker=262144"
    "memorysetup-temp-allocator-size-gi-baking-worker=262144"
    "memorysetup-temp-allocator-size-gi-baking-worker=262144"
    "memorysetup-temp-allocator-size-gi-baking-worker=262144"
    "memorysetup-temp-allocator-size-gi-baking-worker=262144"
    "memorysetup-temp-allocator-size-gfx=262144"
Player connection [20032]  Target information:

Player connection [20032]  * "[IP] 192.168.56.1 [Port] 0 [Flags] 2 [Guid] 1571820320 [EditorId] 1571820320 [Version] 1048832 [Id] WindowsEditor(7,DESKTOP-OBDJEDP) [Debug] 1 [PackageName] WindowsEditor [ProjectName] Editor" 

Player connection [20032]  * "[IP] 172.26.48.1 [Port] 0 [Flags] 2 [Guid] 1571820320 [EditorId] 1571820320 [Version] 1048832 [Id] WindowsEditor(7,DESKTOP-OBDJEDP) [Debug] 1 [PackageName] WindowsEditor [ProjectName] Editor" 

Player connection [20032]  * "[IP] 192.168.0.15 [Port] 0 [Flags] 2 [Guid] 1571820320 [EditorId] 1571820320 [Version] 1048832 [Id] WindowsEditor(7,DESKTOP-OBDJEDP) [Debug] 1 [PackageName] WindowsEditor [ProjectName] Editor" 

Player connection [20032] Host joined multi-casting on [225.0.0.222:54997]...
Player connection [20032] Host joined alternative multi-casting on [225.0.0.222:34997]...
JobSystem: Creating JobQueue using job-worker-count value 7
Input System module state changed to: Initialized.
[Physics::Module] Initialized fallback backend.
[Physics::Module] Id: 0xdecafbad
Library Redirect Path: Library/
[Physics::Module] Selected backend.
[Physics::Module] Name: PhysX
[Physics::Module] Id: 0xf2b8ea05
[Physics::Module] SDK Version: 4.1.2
[Physics::Module] Integration Version: 1.0.0
[Physics::Module] Threading Mode: Multi-Threaded
Refreshing native plugins compatible for Editor in 2.92 ms, found 4 plugins.
Preloading 0 native plugins for Editor in 0.00 ms.
Initialize engine version: 6000.0.43f1 (97272b72f107)
[Subsystems] Discovering subsystems at path C:/Program Files/Unity/Hub/Editor/6000.0.43f1/Editor/Data/Resources/UnitySubsystems
[Subsystems] Discovering subsystems at path C:/Users/TEC/Super Mario Bros/Assets
GfxDevice: creating device client; kGfxThreadingModeNonThreaded
Direct3D:
    Version:  Direct3D 11.0 [level 11.1]
    Renderer: NVIDIA GeForce RTX 3060 Laptop GPU (ID=0x2520)
    Vendor:   NVIDIA
    VRAM:     5998 MB
    Driver:   32.0.15.5599
Initialize mono
Mono path[0] = 'C:/Program Files/Unity/Hub/Editor/6000.0.43f1/Editor/Data/Managed'
Mono path[1] = 'C:/Program Files/Unity/Hub/Editor/6000.0.43f1/Editor/Data/MonoBleedingEdge/lib/mono/unityjit-win32'
Mono config path = 'C:/Program Files/Unity/Hub/Editor/6000.0.43f1/Editor/Data/MonoBleedingEdge/etc'
Using monoOptions --debugger-agent=transport=dt_socket,embedding=1,server=y,suspend=n,address=127.0.0.1:56900
Begin MonoManager ReloadAssembly
Registering precompiled unity dll's ...
Register platform support module: C:/Program Files/Unity/Hub/Editor/6000.0.43f1/Editor/Data/PlaybackEngines/WebGLSupport/UnityEditor.WebGL.Extensions.dll
Register platform support module: C:/Program Files/Unity/Hub/Editor/6000.0.43f1/Editor/Data/PlaybackEngines/WindowsStandaloneSupport/UnityEditor.WindowsStandalone.Extensions.dll
Registered in 0.006514 seconds.
- Loaded All Assemblies, in  0.569 seconds
Native extension for WindowsStandalone target not found
Native extension for WebGL target not found
Mono: successfully reloaded assembly
- Finished resetting the current domain, in  0.505 seconds
Domain Reload Profiling: 1071ms
	BeginReloadAssembly (187ms)
		ExecutionOrderSort (0ms)
		DisableScriptedObjects (0ms)
		BackupInstance (0ms)
		ReleaseScriptingObjects (0ms)
		CreateAndSetChildDomain (2ms)
	RebuildCommonClasses (52ms)
	RebuildNativeTypeToScriptingClass (12ms)
	initialDomainReloadingComplete (65ms)
	LoadAllAssembliesAndSetupDomain (250ms)
		LoadAssemblies (180ms)
		RebuildTransferFunctionScriptingTraits (0ms)
		AnalyzeDomain (245ms)
			TypeCache.Refresh (243ms)
				TypeCache.ScanAssembly (222ms)
			BuildScriptInfoCaches (0ms)
			ResolveRequiredComponents (1ms)
	FinalizeReload (505ms)
		ReleaseScriptCaches (0ms)
		RebuildScriptCaches (0ms)
		SetupLoadedEditorAssemblies (430ms)
			LogAssemblyErrors (0ms)
			InitializePlatformSupportModulesInManaged (34ms)
			SetLoadedEditorAssemblies (8ms)
			BeforeProcessingInitializeOnLoad (75ms)
			ProcessInitializeOnLoadAttributes (229ms)
			ProcessInitializeOnLoadMethodAttributes (83ms)
			AfterProcessingInitializeOnLoad (0ms)
			EditorAssembliesLoaded (0ms)
		ExecutionOrderSort2 (0ms)
		AwakeInstancesAfterBackupRestoration (0ms)
========================================================================
Worker process is ready to serve import requests
Import Worker Mode flag is 0x00
Begin MonoManager ReloadAssembly
- Loaded All Assemblies, in  1.038 seconds
Refreshing native plugins compatible for Editor in 2.57 ms, found 4 plugins.
Native extension for WindowsStandalone target not found
Native extension for WebGL target not found
Mono: successfully reloaded assembly
- Finished resetting the current domain, in  1.183 seconds
Domain Reload Profiling: 2217ms
	BeginReloadAssembly (223ms)
		ExecutionOrderSort (0ms)
		DisableScriptedObjects (11ms)
		BackupInstance (0ms)
		ReleaseScriptingObjects (0ms)
		CreateAndSetChildDomain (41ms)
	RebuildCommonClasses (58ms)
	RebuildNativeTypeToScriptingClass (16ms)
	initialDomainReloadingComplete (53ms)
	LoadAllAssembliesAndSetupDomain (683ms)
		LoadAssemblies (458ms)
		RebuildTransferFunctionScriptingTraits (0ms)
		AnalyzeDomain (358ms)
			TypeCache.Refresh (251ms)
				TypeCache.ScanAssembly (230ms)
			BuildScriptInfoCaches (82ms)
			ResolveRequiredComponents (21ms)
	FinalizeReload (1184ms)
		ReleaseScriptCaches (0ms)
		RebuildScriptCaches (0ms)
		SetupLoadedEditorAssemblies (913ms)
			LogAssemblyErrors (0ms)
			InitializePlatformSupportModulesInManaged (5ms)
			SetLoadedEditorAssemblies (6ms)
			BeforeProcessingInitializeOnLoad (177ms)
			ProcessInitializeOnLoadAttributes (546ms)
			ProcessInitializeOnLoadMethodAttributes (169ms)
			AfterProcessingInitializeOnLoad (9ms)
			EditorAssembliesLoaded (0ms)
		ExecutionOrderSort2 (0ms)
		AwakeInstancesAfterBackupRestoration (9ms)
Launched and connected shader compiler UnityShaderCompiler.exe after 0.02 seconds
Refreshing native plugins compatible for Editor in 2.01 ms, found 4 plugins.
Preloading 0 native plugins for Editor in 0.00 ms.
Unloading 206 Unused Serialized files (Serialized files now loaded: 0)
Unloading 6569 unused Assets / (8.3 MB). Loaded Objects now: 7213.
Memory consumption went from 174.3 MB to 166.0 MB.
Total: 16.377000 ms (FindLiveObjects: 0.922100 ms CreateObjectMapping: 1.127300 ms MarkObjects: 7.618700 ms  DeleteObjects: 6.707500 ms)

========================================================================
Received Import Request.
  Time since last request: 76264.360717 seconds.
  path: Assets/UniversalRenderPipelineGlobalSettings.asset
  artifactKey: Guid(93b439a37f63240aca3dd4e01d978a9f) Importer(815301076,1909f56bfc062723c751e8b465ee728b)
Start importing Assets/UniversalRenderPipelineGlobalSettings.asset using Guid(93b439a37f63240aca3dd4e01d978a9f) Importer(815301076,1909f56bfc062723c751e8b465ee728b) (PreviewImporter) -> (artifact id: '00c025d2039ced57596f58dea75cb28a') in 0.0264588 seconds
Number of updated asset objects reloaded before import = 0Number of asset objects unloaded after import = 0

========================================================================
Received Import Request.
  Time since last request: 72.637555 seconds.
  path: Assets
  artifactKey: Guid(00000000000000001000000000000000) Importer(815301076,1909f56bfc062723c751e8b465ee728b)
Start importing Assets using Guid(00000000000000001000000000000000) Importer(815301076,1909f56bfc062723c751e8b465ee728b) (PreviewImporter) -> (artifact id: 'c391582d739b6e62a5220f35cbb167ac') in 0.0005747 seconds
Number of updated asset objects reloaded before import = 0Number of asset objects unloaded after import = 0

========================================================================
Received Import Request.
  Time since last request: 6.184403 seconds.
  path: Assets/Images
  artifactKey: Guid(08e954a95aa9a8844aff9c3b02c56718) Importer(815301076,1909f56bfc062723c751e8b465ee728b)
Start importing Assets/Images using Guid(08e954a95aa9a8844aff9c3b02c56718) Importer(815301076,1909f56bfc062723c751e8b465ee728b) (PreviewImporter) -> (artifact id: '60f39d44db23e463533e1458b83625f0') in 0.0005972 seconds
Number of updated asset objects reloaded before import = 0Number of asset objects unloaded after import = 0

========================================================================
Received Import Request.
  Time since last request: 12.320069 seconds.
  path: Assets/Images/FondoAzulSMB.png
  artifactKey: Guid(570cc01f1a9771344b30ead69031233b) Importer(815301076,1909f56bfc062723c751e8b465ee728b)
Start importing Assets/Images/FondoAzulSMB.png using Guid(570cc01f1a9771344b30ead69031233b) Importer(815301076,1909f56bfc062723c751e8b465ee728b) (PreviewImporter) -> (artifact id: '3e356ef0903affce3960f9d1c41eae2b') in 0.1748251 seconds
Number of updated asset objects reloaded before import = 0Number of asset objects unloaded after import = 3

========================================================================
Received Import Request.
  Time since last request: 0.000039 seconds.
  path: Assets/Images/SMB Recorte4.png
  artifactKey: Guid(b3e4a69a13bc50d4897e60676b53f6a2) Importer(815301076,1909f56bfc062723c751e8b465ee728b)
Start importing Assets/Images/SMB Recorte4.png using Guid(b3e4a69a13bc50d4897e60676b53f6a2) Importer(815301076,1909f56bfc062723c751e8b465ee728b) (PreviewImporter) -> (artifact id: '249226f1dc8a6badf495381bc07ee75d') in 0.0269771 seconds
Number of updated asset objects reloaded before import = 0Number of asset objects unloaded after import = 3

========================================================================
Received Import Request.
  Time since last request: 0.000036 seconds.
  path: Assets/Images/SMB Recorte2.png
  artifactKey: Guid(11816e8f49e8f3a46bf8cfeef29b093d) Importer(815301076,1909f56bfc062723c751e8b465ee728b)
Start importing Assets/Images/SMB Recorte2.png using Guid(11816e8f49e8f3a46bf8cfeef29b093d) Importer(815301076,1909f56bfc062723c751e8b465ee728b) (PreviewImporter) -> (artifact id: 'e45ef1dc42e5fda2bd770ba22cdf5ef4') in 0.0270153 seconds
Number of updated asset objects reloaded before import = 0Number of asset objects unloaded after import = 3

========================================================================
Received Import Request.
  Time since last request: 0.000022 seconds.
  path: Assets/Images/SMB Recorte1.png
  artifactKey: Guid(96d256036c9f0084ebc1c92a8297b2c7) Importer(815301076,1909f56bfc062723c751e8b465ee728b)
Start importing Assets/Images/SMB Recorte1.png using Guid(96d256036c9f0084ebc1c92a8297b2c7) Importer(815301076,1909f56bfc062723c751e8b465ee728b) (PreviewImporter) -> (artifact id: 'aeb91be9bfa96fa93ef215db16d972f7') in 0.0319549 seconds
Number of updated asset objects reloaded before import = 0Number of asset objects unloaded after import = 3

========================================================================
Received Import Request.
  Time since last request: 4.588110 seconds.
  path: Assets/Images/mario_01.png
  artifactKey: Guid(353425587ef641e4b9de1f5f6e00af74) Importer(815301076,1909f56bfc062723c751e8b465ee728b)
Start importing Assets/Images/mario_01.png using Guid(353425587ef641e4b9de1f5f6e00af74) Importer(815301076,1909f56bfc062723c751e8b465ee728b) (PreviewImporter) -> (artifact id: '1bc871df6761a602ccc41a1fb4791d81') in 0.3115947 seconds
Number of updated asset objects reloaded before import = 0Number of asset objects unloaded after import = 90

========================================================================
Received Import Request.
  Time since last request: 1069.270793 seconds.
  path: Assets/Tiles/Custom Edited - Mario Customs - Super Mario Bros 1 NES PICO-8-Style_0.asset
  artifactKey: Guid(bb91613ef05ad344f99876bc0e1d7fe1) Importer(815301076,1909f56bfc062723c751e8b465ee728b)
Start importing Assets/Tiles/Custom Edited - Mario Customs - Super Mario Bros 1 NES PICO-8-Style_0.asset using Guid(bb91613ef05ad344f99876bc0e1d7fe1) Importer(815301076,1909f56bfc062723c751e8b465ee728b) (PreviewImporter) -> (artifact id: 'fd9b4e6cf9a830edcea4e1f4d8b7f184') in 0.1190365 seconds
Number of updated asset objects reloaded before import = 0Number of asset objects unloaded after import = 3

========================================================================
Received Import Request.
  Time since last request: 0.000029 seconds.
  path: Assets/Tiles/Custom Edited - Mario Customs - Super Mario Bros 1 NES PICO-8-Style_52.asset
  artifactKey: Guid(602b8c0b9dced454e9a6db1d09f710e5) Importer(815301076,1909f56bfc062723c751e8b465ee728b)
Start importing Assets/Tiles/Custom Edited - Mario Customs - Super Mario Bros 1 NES PICO-8-Style_52.asset using Guid(602b8c0b9dced454e9a6db1d09f710e5) Importer(815301076,1909f56bfc062723c751e8b465ee728b) (PreviewImporter) -> (artifact id: '03a7d94dc315fb378b04bc1a044c68d6') in 0.0187099 seconds
Number of updated asset objects reloaded before import = 0Number of asset objects unloaded after import = 3

========================================================================
Received Import Request.
  Time since last request: 0.000063 seconds.
  path: Assets/Tiles/Custom Edited - Mario Customs - Super Mario Bros 1 NES PICO-8-Style_33.asset
  artifactKey: Guid(2d3674b1473332e4590dfda450ff0288) Importer(815301076,1909f56bfc062723c751e8b465ee728b)
Start importing Assets/Tiles/Custom Edited - Mario Customs - Super Mario Bros 1 NES PICO-8-Style_33.asset using Guid(2d3674b1473332e4590dfda450ff0288) Importer(815301076,1909f56bfc062723c751e8b465ee728b) (PreviewImporter) -> (artifact id: 'd735bf5336b929e2fc642b73349f61c6') in 0.0174327 seconds
Number of updated asset objects reloaded before import = 0Number of asset objects unloaded after import = 3

========================================================================
Received Import Request.
  Time since last request: 0.000017 seconds.
  path: Assets/Tiles/Custom Edited - Mario Customs - Super Mario Bros 1 NES PICO-8-Style_35.asset
  artifactKey: Guid(b6a211731d40b0e4bb83b4024bf35c44) Importer(815301076,1909f56bfc062723c751e8b465ee728b)
Start importing Assets/Tiles/Custom Edited - Mario Customs - Super Mario Bros 1 NES PICO-8-Style_35.asset using Guid(b6a211731d40b0e4bb83b4024bf35c44) Importer(815301076,1909f56bfc062723c751e8b465ee728b) (PreviewImporter) -> (artifact id: '60c62333890f60a642f99a806755d739') in 0.0156717 seconds
Number of updated asset objects reloaded before import = 0Number of asset objects unloaded after import = 3

========================================================================
Received Import Request.
  Time since last request: 0.000018 seconds.
  path: Assets/Tiles/Custom Edited - Mario Customs - Super Mario Bros 1 NES PICO-8-Style_17.asset
  artifactKey: Guid(41e75e3ebb75ebc43a42036b10cb2c40) Importer(815301076,1909f56bfc062723c751e8b465ee728b)
Start importing Assets/Tiles/Custom Edited - Mario Customs - Super Mario Bros 1 NES PICO-8-Style_17.asset using Guid(41e75e3ebb75ebc43a42036b10cb2c40) Importer(815301076,1909f56bfc062723c751e8b465ee728b) (PreviewImporter) -> (artifact id: '71a1c0eb5c6a67c27cb70c4303898aa5') in 0.0177667 seconds
Number of updated asset objects reloaded before import = 0Number of asset objects unloaded after import = 3

========================================================================
Received Import Request.
  Time since last request: 0.000030 seconds.
  path: Assets/Tiles/Custom Edited - Mario Customs - Super Mario Bros 1 NES PICO-8-Style_61.asset
  artifactKey: Guid(69d5c98ea97c4bb43b3c10daff061f3c) Importer(815301076,1909f56bfc062723c751e8b465ee728b)
Start importing Assets/Tiles/Custom Edited - Mario Customs - Super Mario Bros 1 NES PICO-8-Style_61.asset using Guid(69d5c98ea97c4bb43b3c10daff061f3c) Importer(815301076,1909f56bfc062723c751e8b465ee728b) (PreviewImporter) -> (artifact id: '80be832340bc975524965d3045ca6b93') in 0.0205709 seconds
Number of updated asset objects reloaded before import = 0Number of asset objects unloaded after import = 3

========================================================================
Received Import Request.
  Time since last request: 0.000037 seconds.
  path: Assets/Tiles/Custom Edited - Mario Customs - Super Mario Bros 1 NES PICO-8-Style_37.asset
  artifactKey: Guid(74a3d1c4e3fa553459c122950d147cff) Importer(815301076,1909f56bfc062723c751e8b465ee728b)
Start importing Assets/Tiles/Custom Edited - Mario Customs - Super Mario Bros 1 NES PICO-8-Style_37.asset using Guid(74a3d1c4e3fa553459c122950d147cff) Importer(815301076,1909f56bfc062723c751e8b465ee728b) (PreviewImporter) -> (artifact id: 'f35c2c727ca3e2588e09858b2f067328') in 0.0183898 seconds
Number of updated asset objects reloaded before import = 0Number of asset objects unloaded after import = 3

========================================================================
Received Import Request.
  Time since last request: 0.000037 seconds.
  path: Assets/Tiles/Custom Edited - Mario Customs - Super Mario Bros 1 NES PICO-8-Style_36.asset
  artifactKey: Guid(91934cc054052b6459cadf93b5fcbc81) Importer(815301076,1909f56bfc062723c751e8b465ee728b)
Start importing Assets/Tiles/Custom Edited - Mario Customs - Super Mario Bros 1 NES PICO-8-Style_36.asset using Guid(91934cc054052b6459cadf93b5fcbc81) Importer(815301076,1909f56bfc062723c751e8b465ee728b) (PreviewImporter) -> (artifact id: '81e6217ccd6ab4cc8d5d6a8888240cc9') in 0.0081008 seconds
Number of updated asset objects reloaded before import = 0Number of asset objects unloaded after import = 3

========================================================================
Received Import Request.
  Time since last request: 0.000021 seconds.
  path: Assets/Tiles/Custom Edited - Mario Customs - Super Mario Bros 1 NES PICO-8-Style_53.asset
  artifactKey: Guid(67e3b65744856e848ba2e4d2405b84aa) Importer(815301076,1909f56bfc062723c751e8b465ee728b)
Start importing Assets/Tiles/Custom Edited - Mario Customs - Super Mario Bros 1 NES PICO-8-Style_53.asset using Guid(67e3b65744856e848ba2e4d2405b84aa) Importer(815301076,1909f56bfc062723c751e8b465ee728b) (PreviewImporter) -> (artifact id: 'a5ae421c7842fe5e67fd86501486c43d') in 0.016956 seconds
Number of updated asset objects reloaded before import = 0Number of asset objects unloaded after import = 3

========================================================================
Received Import Request.
  Time since last request: 0.000027 seconds.
  path: Assets/Tiles/Custom Edited - Mario Customs - Super Mario Bros 1 NES PICO-8-Style_24.asset
  artifactKey: Guid(eb1ffb4bfd6116241a0bcd49698222e8) Importer(815301076,1909f56bfc062723c751e8b465ee728b)
Start importing Assets/Tiles/Custom Edited - Mario Customs - Super Mario Bros 1 NES PICO-8-Style_24.asset using Guid(eb1ffb4bfd6116241a0bcd49698222e8) Importer(815301076,1909f56bfc062723c751e8b465ee728b) (PreviewImporter) -> (artifact id: 'f9ce7d0006307305b67a993b5e8f96f5') in 0.0185178 seconds
Number of updated asset objects reloaded before import = 0Number of asset objects unloaded after import = 3

========================================================================
Received Import Request.
  Time since last request: 0.000040 seconds.
  path: Assets/Tiles/Custom Edited - Mario Customs - Super Mario Bros 1 NES PICO-8-Style_100.asset
  artifactKey: Guid(c6e904fe03c689e4787e3a831535e1f6) Importer(815301076,1909f56bfc062723c751e8b465ee728b)
Start importing Assets/Tiles/Custom Edited - Mario Customs - Super Mario Bros 1 NES PICO-8-Style_100.asset using Guid(c6e904fe03c689e4787e3a831535e1f6) Importer(815301076,1909f56bfc062723c751e8b465ee728b) (PreviewImporter) -> (artifact id: '856fb6780cbe2dff7be5f8c471bf4dd3') in 0.0213016 seconds
Number of updated asset objects reloaded before import = 0Number of asset objects unloaded after import = 3

========================================================================
Received Import Request.
  Time since last request: 0.000049 seconds.
  path: Assets/Tiles/Custom Edited - Mario Customs - Super Mario Bros 1 NES PICO-8-Style_43.asset
  artifactKey: Guid(5b304577c3b19c546b829b3335c306ac) Importer(815301076,1909f56bfc062723c751e8b465ee728b)
Start importing Assets/Tiles/Custom Edited - Mario Customs - Super Mario Bros 1 NES PICO-8-Style_43.asset using Guid(5b304577c3b19c546b829b3335c306ac) Importer(815301076,1909f56bfc062723c751e8b465ee728b) (PreviewImporter) -> (artifact id: 'f5511db39e2b8189fa8d64cd99a7a3eb') in 0.0232578 seconds
Number of updated asset objects reloaded before import = 0Number of asset objects unloaded after import = 3

========================================================================
Received Import Request.
  Time since last request: 0.000057 seconds.
  path: Assets/Tiles/Custom Edited - Mario Customs - Super Mario Bros 1 NES PICO-8-Style_59.asset
  artifactKey: Guid(d7e490f35c1b04740974fe12f1910df2) Importer(815301076,1909f56bfc062723c751e8b465ee728b)
Start importing Assets/Tiles/Custom Edited - Mario Customs - Super Mario Bros 1 NES PICO-8-Style_59.asset using Guid(d7e490f35c1b04740974fe12f1910df2) Importer(815301076,1909f56bfc062723c751e8b465ee728b) (PreviewImporter) -> (artifact id: '5349588b674c26d516d563e1e5a684fe') in 0.0193405 seconds
Number of updated asset objects reloaded before import = 0Number of asset objects unloaded after import = 3

========================================================================
Received Import Request.
  Time since last request: 0.000025 seconds.
  path: Assets/Tiles/Custom Edited - Mario Customs - Super Mario Bros 1 NES PICO-8-Style_54.asset
  artifactKey: Guid(dffc626d266b2e948a2842c7e8abb463) Importer(815301076,1909f56bfc062723c751e8b465ee728b)
Start importing Assets/Tiles/Custom Edited - Mario Customs - Super Mario Bros 1 NES PICO-8-Style_54.asset using Guid(dffc626d266b2e948a2842c7e8abb463) Importer(815301076,1909f56bfc062723c751e8b465ee728b) (PreviewImporter) -> (artifact id: 'f89f2c418eeaa48d8e67da48a4c61233') in 0.0242993 seconds
Number of updated asset objects reloaded before import = 0Number of asset objects unloaded after import = 3

========================================================================
Received Import Request.
  Time since last request: 0.000041 seconds.
  path: Assets/Tiles/Custom Edited - Mario Customs - Super Mario Bros 1 NES PICO-8-Style_58.asset
  artifactKey: Guid(2d7215ab9c4ceec4abe99372dc4c4c60) Importer(815301076,1909f56bfc062723c751e8b465ee728b)
Start importing Assets/Tiles/Custom Edited - Mario Customs - Super Mario Bros 1 NES PICO-8-Style_58.asset using Guid(2d7215ab9c4ceec4abe99372dc4c4c60) Importer(815301076,1909f56bfc062723c751e8b465ee728b) (PreviewImporter) -> (artifact id: 'e4bbeb3efa3414a94874142c444dde48') in 0.0269958 seconds
Number of updated asset objects reloaded before import = 0Number of asset objects unloaded after import = 3

========================================================================
Received Import Request.
  Time since last request: 0.000034 seconds.
  path: Assets/Tiles/Custom Edited - Mario Customs - Super Mario Bros 1 NES PICO-8-Style_51.asset
  artifactKey: Guid(9e50a5652ce1cb44ca447630557c510c) Importer(815301076,1909f56bfc062723c751e8b465ee728b)
Start importing Assets/Tiles/Custom Edited - Mario Customs - Super Mario Bros 1 NES PICO-8-Style_51.asset using Guid(9e50a5652ce1cb44ca447630557c510c) Importer(815301076,1909f56bfc062723c751e8b465ee728b) (PreviewImporter) -> (artifact id: '01664d8211b696c96360cb1b37deafa8') in 0.0158833 seconds
Number of updated asset objects reloaded before import = 0Number of asset objects unloaded after import = 3

========================================================================
Received Import Request.
  Time since last request: 0.000053 seconds.
  path: Assets/Tiles/Custom Edited - Mario Customs - Super Mario Bros 1 NES PICO-8-Style_34.asset
  artifactKey: Guid(7f63d41cc90083d4dbaf27f9f7634586) Importer(815301076,1909f56bfc062723c751e8b465ee728b)
Start importing Assets/Tiles/Custom Edited - Mario Customs - Super Mario Bros 1 NES PICO-8-Style_34.asset using Guid(7f63d41cc90083d4dbaf27f9f7634586) Importer(815301076,1909f56bfc062723c751e8b465ee728b) (PreviewImporter) -> (artifact id: 'cc3e18129599b7af5d3f93b3bc1fd581') in 0.020521 seconds
Number of updated asset objects reloaded before import = 0Number of asset objects unloaded after import = 3

========================================================================
Received Import Request.
  Time since last request: 0.000026 seconds.
  path: Assets/Tiles/Custom Edited - Mario Customs - Super Mario Bros 1 NES PICO-8-Style_32.asset
  artifactKey: Guid(bf746be0f81672d438e09aeb09147c96) Importer(815301076,1909f56bfc062723c751e8b465ee728b)
Start importing Assets/Tiles/Custom Edited - Mario Customs - Super Mario Bros 1 NES PICO-8-Style_32.asset using Guid(bf746be0f81672d438e09aeb09147c96) Importer(815301076,1909f56bfc062723c751e8b465ee728b) (PreviewImporter) -> (artifact id: '086d03c2b57b5c0d2939199c2de256fc') in 0.0155615 seconds
Number of updated asset objects reloaded before import = 0Number of asset objects unloaded after import = 3

========================================================================
Received Import Request.
  Time since last request: 0.000027 seconds.
  path: Assets/Tiles/Custom Edited - Mario Customs - Super Mario Bros 1 NES PICO-8-Style_56.asset
  artifactKey: Guid(c799a1535bf88784083166117160e81a) Importer(815301076,1909f56bfc062723c751e8b465ee728b)
Start importing Assets/Tiles/Custom Edited - Mario Customs - Super Mario Bros 1 NES PICO-8-Style_56.asset using Guid(c799a1535bf88784083166117160e81a) Importer(815301076,1909f56bfc062723c751e8b465ee728b) (PreviewImporter) -> (artifact id: '40ac441990f3c97418e98cb227a8f787') in 0.0163937 seconds
Number of updated asset objects reloaded before import = 0Number of asset objects unloaded after import = 3

========================================================================
Received Import Request.
  Time since last request: 0.000027 seconds.
  path: Assets/Tiles/Custom Edited - Mario Customs - Super Mario Bros 1 NES PICO-8-Style_41.asset
  artifactKey: Guid(06a817c91631d0149817b86ded412de0) Importer(815301076,1909f56bfc062723c751e8b465ee728b)
Start importing Assets/Tiles/Custom Edited - Mario Customs - Super Mario Bros 1 NES PICO-8-Style_41.asset using Guid(06a817c91631d0149817b86ded412de0) Importer(815301076,1909f56bfc062723c751e8b465ee728b) (PreviewImporter) -> (artifact id: '619ff9adb9d19e4f960fee4cb6967ce5') in 0.0172975 seconds
Number of updated asset objects reloaded before import = 0Number of asset objects unloaded after import = 3

========================================================================
Received Import Request.
  Time since last request: 0.000020 seconds.
  path: Assets/Tiles/Custom Edited - Mario Customs - Super Mario Bros 1 NES PICO-8-Style_44.asset
  artifactKey: Guid(9422e85d527d3be4b9ae9e4c175e299f) Importer(815301076,1909f56bfc062723c751e8b465ee728b)
Start importing Assets/Tiles/Custom Edited - Mario Customs - Super Mario Bros 1 NES PICO-8-Style_44.asset using Guid(9422e85d527d3be4b9ae9e4c175e299f) Importer(815301076,1909f56bfc062723c751e8b465ee728b) (PreviewImporter) -> (artifact id: '58597f4f8ebd66cebfcd16d39c528531') in 0.0160123 seconds
Number of updated asset objects reloaded before import = 0Number of asset objects unloaded after import = 3

Editor requested this worker to shutdown with reason: Scaling down because of idle timeout
AssetImportWorker is now disconnected from the server
Process exiting
Exiting without the bug reporter. Application will terminate with return code 0