Using pre-set license
Built from '6000.0/release' branch; Version is '6000.0.43f1 (97272b72f107) revision 9905963'; Using compiler version '193933523'; Build Type 'Release'
OS: 'Windows 11  (10.0.22631) 64bit CoreSingleLanguage' Language: 'es' Physical Memory: 14188 MB
BatchMode: 1, IsHumanControllingUs: 0, StartBugReporterOnCrash: 0, Is64bit: 1, IsPro: 1

COMMAND LINE ARGUMENTS:
C:\Program Files\Unity\Hub\Editor\6000.0.43f1\Editor\Unity.exe
-adb2
-batchMode
-noUpm
-name
AssetImportWorker4
-projectPath
C:/Users/TEC/Super Mario Bros
-logFile
Logs/AssetImportWorker4.log
-srvPort
61033
-job-worker-count
7
-background-job-worker-count
8
-gc-helper-count
1
Successfully changed project path to: C:/Users/TEC/Super Mario Bros
C:/Users/TEC/Super Mario Bros
[UnityMemory] Configuration Parameters - Can be set up in boot.config
    "memorysetup-bucket-allocator-granularity=16"
    "memorysetup-bucket-allocator-bucket-count=8"
    "memorysetup-bucket-allocator-block-size=33554432"
    "memorysetup-bucket-allocator-block-count=8"
    "memorysetup-main-allocator-block-size=16777216"
    "memorysetup-thread-allocator-block-size=16777216"
    "memorysetup-gfx-main-allocator-block-size=16777216"
    "memorysetup-gfx-thread-allocator-block-size=16777216"
    "memorysetup-cache-allocator-block-size=4194304"
    "memorysetup-typetree-allocator-block-size=2097152"
    "memorysetup-profiler-bucket-allocator-granularity=16"
    "memorysetup-profiler-bucket-allocator-bucket-count=8"
    "memorysetup-profiler-bucket-allocator-block-size=33554432"
    "memorysetup-profiler-bucket-allocator-block-count=8"
    "memorysetup-profiler-allocator-block-size=16777216"
    "memorysetup-profiler-editor-allocator-block-size=1048576"
    "memorysetup-temp-allocator-size-main=16777216"
    "memorysetup-job-temp-allocator-block-size=2097152"
    "memorysetup-job-temp-allocator-block-size-background=1048576"
    "memorysetup-job-temp-allocator-reduction-small-platforms=262144"
    "memorysetup-allocator-temp-initial-block-size-main=262144"
    "memorysetup-allocator-temp-initial-block-size-worker=262144"
    "memorysetup-temp-allocator-size-background-worker=32768"
    "memorysetup-temp-allocator-size-job-worker=262144"
    "memorysetup-temp-allocator-size-preload-manager=33554432"
    "memorysetup-temp-allocator-size-nav-mesh-worker=65536"
    "memorysetup-temp-allocator-size-audio-worker=65536"
    "memorysetup-temp-allocator-size-cloud-worker=32768"
    "memorysetup-temp-allocator-size-gi-baking-worker=262144"
    "memorysetup-temp-allocator-size-gi-baking-worker=262144"
    "memorysetup-temp-allocator-size-gi-baking-worker=262144"
    "memorysetup-temp-allocator-size-gi-baking-worker=262144"
    "memorysetup-temp-allocator-size-gi-baking-worker=262144"
    "memorysetup-temp-allocator-size-gfx=262144"
Player connection [15604]  Target information:

Player connection [15604]  * "[IP] 192.168.56.1 [Port] 0 [Flags] 2 [Guid] 2241643887 [EditorId] 2241643887 [Version] 1048832 [Id] WindowsEditor(7,DESKTOP-OBDJEDP) [Debug] 1 [PackageName] WindowsEditor [ProjectName] Editor" 

Player connection [15604]  * "[IP] 172.26.48.1 [Port] 0 [Flags] 2 [Guid] 2241643887 [EditorId] 2241643887 [Version] 1048832 [Id] WindowsEditor(7,DESKTOP-OBDJEDP) [Debug] 1 [PackageName] WindowsEditor [ProjectName] Editor" 

Player connection [15604]  * "[IP] 192.168.0.15 [Port] 0 [Flags] 2 [Guid] 2241643887 [EditorId] 2241643887 [Version] 1048832 [Id] WindowsEditor(7,DESKTOP-OBDJEDP) [Debug] 1 [PackageName] WindowsEditor [ProjectName] Editor" 

Player connection [15604] Host joined multi-casting on [225.0.0.222:54997]...
Player connection [15604] Host joined alternative multi-casting on [225.0.0.222:34997]...
JobSystem: Creating JobQueue using job-worker-count value 7
Input System module state changed to: Initialized.
[Physics::Module] Initialized fallback backend.
[Physics::Module] Id: 0xdecafbad
Library Redirect Path: Library/
[Physics::Module] Selected backend.
[Physics::Module] Name: PhysX
[Physics::Module] Id: 0xf2b8ea05
[Physics::Module] SDK Version: 4.1.2
[Physics::Module] Integration Version: 1.0.0
[Physics::Module] Threading Mode: Multi-Threaded
Refreshing native plugins compatible for Editor in 3.79 ms, found 4 plugins.
Preloading 0 native plugins for Editor in 0.00 ms.
Initialize engine version: 6000.0.43f1 (97272b72f107)
[Subsystems] Discovering subsystems at path C:/Program Files/Unity/Hub/Editor/6000.0.43f1/Editor/Data/Resources/UnitySubsystems
[Subsystems] Discovering subsystems at path C:/Users/TEC/Super Mario Bros/Assets
GfxDevice: creating device client; kGfxThreadingModeNonThreaded
Direct3D:
    Version:  Direct3D 11.0 [level 11.1]
    Renderer: NVIDIA GeForce RTX 3060 Laptop GPU (ID=0x2520)
    Vendor:   NVIDIA
    VRAM:     5998 MB
    Driver:   32.0.15.5599
Initialize mono
Mono path[0] = 'C:/Program Files/Unity/Hub/Editor/6000.0.43f1/Editor/Data/Managed'
Mono path[1] = 'C:/Program Files/Unity/Hub/Editor/6000.0.43f1/Editor/Data/MonoBleedingEdge/lib/mono/unityjit-win32'
Mono config path = 'C:/Program Files/Unity/Hub/Editor/6000.0.43f1/Editor/Data/MonoBleedingEdge/etc'
Using monoOptions --debugger-agent=transport=dt_socket,embedding=1,server=y,suspend=n,address=127.0.0.1:56552
Begin MonoManager ReloadAssembly
Registering precompiled unity dll's ...
Register platform support module: C:/Program Files/Unity/Hub/Editor/6000.0.43f1/Editor/Data/PlaybackEngines/WebGLSupport/UnityEditor.WebGL.Extensions.dll
Register platform support module: C:/Program Files/Unity/Hub/Editor/6000.0.43f1/Editor/Data/PlaybackEngines/WindowsStandaloneSupport/UnityEditor.WindowsStandalone.Extensions.dll
Registered in 0.003798 seconds.
- Loaded All Assemblies, in  0.756 seconds
Native extension for WindowsStandalone target not found
Native extension for WebGL target not found
Mono: successfully reloaded assembly
- Finished resetting the current domain, in  0.481 seconds
Domain Reload Profiling: 1235ms
	BeginReloadAssembly (304ms)
		ExecutionOrderSort (0ms)
		DisableScriptedObjects (0ms)
		BackupInstance (0ms)
		ReleaseScriptingObjects (0ms)
		CreateAndSetChildDomain (2ms)
	RebuildCommonClasses (63ms)
	RebuildNativeTypeToScriptingClass (16ms)
	initialDomainReloadingComplete (88ms)
	LoadAllAssembliesAndSetupDomain (282ms)
		LoadAssemblies (300ms)
		RebuildTransferFunctionScriptingTraits (0ms)
		AnalyzeDomain (276ms)
			TypeCache.Refresh (275ms)
				TypeCache.ScanAssembly (254ms)
			BuildScriptInfoCaches (0ms)
			ResolveRequiredComponents (1ms)
	FinalizeReload (482ms)
		ReleaseScriptCaches (0ms)
		RebuildScriptCaches (0ms)
		SetupLoadedEditorAssemblies (421ms)
			LogAssemblyErrors (0ms)
			InitializePlatformSupportModulesInManaged (25ms)
			SetLoadedEditorAssemblies (5ms)
			BeforeProcessingInitializeOnLoad (87ms)
			ProcessInitializeOnLoadAttributes (223ms)
			ProcessInitializeOnLoadMethodAttributes (82ms)
			AfterProcessingInitializeOnLoad (0ms)
			EditorAssembliesLoaded (0ms)
		ExecutionOrderSort2 (0ms)
		AwakeInstancesAfterBackupRestoration (0ms)
========================================================================
Worker process is ready to serve import requests
Import Worker Mode flag is 0x00
Begin MonoManager ReloadAssembly
- Loaded All Assemblies, in  1.152 seconds
Refreshing native plugins compatible for Editor in 2.15 ms, found 4 plugins.
Native extension for WindowsStandalone target not found
Native extension for WebGL target not found
Mono: successfully reloaded assembly
- Finished resetting the current domain, in  1.024 seconds
Domain Reload Profiling: 2171ms
	BeginReloadAssembly (225ms)
		ExecutionOrderSort (0ms)
		DisableScriptedObjects (9ms)
		BackupInstance (0ms)
		ReleaseScriptingObjects (0ms)
		CreateAndSetChildDomain (49ms)
	RebuildCommonClasses (53ms)
	RebuildNativeTypeToScriptingClass (18ms)
	initialDomainReloadingComplete (57ms)
	LoadAllAssembliesAndSetupDomain (794ms)
		LoadAssemblies (564ms)
		RebuildTransferFunctionScriptingTraits (0ms)
		AnalyzeDomain (352ms)
			TypeCache.Refresh (261ms)
				TypeCache.ScanAssembly (240ms)
			BuildScriptInfoCaches (71ms)
			ResolveRequiredComponents (17ms)
	FinalizeReload (1024ms)
		ReleaseScriptCaches (0ms)
		RebuildScriptCaches (0ms)
		SetupLoadedEditorAssemblies (829ms)
			LogAssemblyErrors (0ms)
			InitializePlatformSupportModulesInManaged (3ms)
			SetLoadedEditorAssemblies (4ms)
			BeforeProcessingInitializeOnLoad (183ms)
			ProcessInitializeOnLoadAttributes (453ms)
			ProcessInitializeOnLoadMethodAttributes (177ms)
			AfterProcessingInitializeOnLoad (9ms)
			EditorAssembliesLoaded (0ms)
		ExecutionOrderSort2 (0ms)
		AwakeInstancesAfterBackupRestoration (7ms)
Launched and connected shader compiler UnityShaderCompiler.exe after 0.01 seconds
Refreshing native plugins compatible for Editor in 2.02 ms, found 4 plugins.
Preloading 0 native plugins for Editor in 0.00 ms.
Unloading 206 Unused Serialized files (Serialized files now loaded: 0)
Unloading 6569 unused Assets / (7.5 MB). Loaded Objects now: 7213.
Memory consumption went from 172.3 MB to 164.8 MB.
Total: 12.868500 ms (FindLiveObjects: 0.699400 ms CreateObjectMapping: 0.887400 ms MarkObjects: 6.744900 ms  DeleteObjects: 4.535400 ms)

========================================================================
Received Import Request.
  Time since last request: 77677.564560 seconds.
  path: Assets/Settings/Lit2DSceneTemplate.scenetemplate
  artifactKey: Guid(d03ed43fc9d8a4f2e9fa70c1c7916eb9) Importer(815301076,1909f56bfc062723c751e8b465ee728b)
Start importing Assets/Settings/Lit2DSceneTemplate.scenetemplate using Guid(d03ed43fc9d8a4f2e9fa70c1c7916eb9) Importer(815301076,1909f56bfc062723c751e8b465ee728b) (PreviewImporter) -> (artifact id: '05916363aecc207023dda6006c825dde') in 0.1748576 seconds
Number of updated asset objects reloaded before import = 0Number of asset objects unloaded after import = 5

========================================================================
Received Import Request.
  Time since last request: 12.624845 seconds.
  path: Assets/Images/Custom Edited - Mario Customs - Super Mario Bros 1 NES PICO-8-Style.png
  artifactKey: Guid(d56ea86ce3bc29849a47e9d449edbdb7) Importer(815301076,1909f56bfc062723c751e8b465ee728b)
Start importing Assets/Images/Custom Edited - Mario Customs - Super Mario Bros 1 NES PICO-8-Style.png using Guid(d56ea86ce3bc29849a47e9d449edbdb7) Importer(815301076,1909f56bfc062723c751e8b465ee728b) (PreviewImporter) -> (artifact id: 'ee1292a34cf400df45d86a2d20532b98') in 0.6473444 seconds
Number of updated asset objects reloaded before import = 0Number of asset objects unloaded after import = 256

========================================================================
Received Import Request.
  Time since last request: 28.559099 seconds.
  path: Assets/Tiles/BloquesMario.prefab
  artifactKey: Guid(1391f16197292d44c9f79e94085cc36a) Importer(815301076,1909f56bfc062723c751e8b465ee728b)
Start importing Assets/Tiles/BloquesMario.prefab using Guid(1391f16197292d44c9f79e94085cc36a) Importer(815301076,1909f56bfc062723c751e8b465ee728b) (PreviewImporter) -> (artifact id: 'ae750a1e17e9eeb614b989738d1c0365') in 0.7995933 seconds
Number of updated asset objects reloaded before import = 0Number of asset objects unloaded after import = 92

========================================================================
Received Import Request.
  Time since last request: 0.000062 seconds.
  path: Assets/Tiles/Custom Edited - Mario Customs - Super Mario Bros 1 NES PICO-8-Style_118.asset
  artifactKey: Guid(7173bdfbf7615244aaa4efbe746dcd01) Importer(815301076,1909f56bfc062723c751e8b465ee728b)
Start importing Assets/Tiles/Custom Edited - Mario Customs - Super Mario Bros 1 NES PICO-8-Style_118.asset using Guid(7173bdfbf7615244aaa4efbe746dcd01) Importer(815301076,1909f56bfc062723c751e8b465ee728b) (PreviewImporter) -> (artifact id: '737c04ec7e144a489b324b4addfeda48') in 0.0237788 seconds
Number of updated asset objects reloaded before import = 0Number of asset objects unloaded after import = 3

========================================================================
Received Import Request.
  Time since last request: 0.000038 seconds.
  path: Assets/Tiles/Custom Edited - Mario Customs - Super Mario Bros 1 NES PICO-8-Style_53.asset
  artifactKey: Guid(67e3b65744856e848ba2e4d2405b84aa) Importer(815301076,1909f56bfc062723c751e8b465ee728b)
Start importing Assets/Tiles/Custom Edited - Mario Customs - Super Mario Bros 1 NES PICO-8-Style_53.asset using Guid(67e3b65744856e848ba2e4d2405b84aa) Importer(815301076,1909f56bfc062723c751e8b465ee728b) (PreviewImporter) -> (artifact id: '53db3de3068ac373a62f4f2484184843') in 0.0075519 seconds
Number of updated asset objects reloaded before import = 0Number of asset objects unloaded after import = 3

========================================================================
Received Import Request.
  Time since last request: 0.000060 seconds.
  path: Assets/Tiles/Custom Edited - Mario Customs - Super Mario Bros 1 NES PICO-8-Style_24.asset
  artifactKey: Guid(eb1ffb4bfd6116241a0bcd49698222e8) Importer(815301076,1909f56bfc062723c751e8b465ee728b)
Start importing Assets/Tiles/Custom Edited - Mario Customs - Super Mario Bros 1 NES PICO-8-Style_24.asset using Guid(eb1ffb4bfd6116241a0bcd49698222e8) Importer(815301076,1909f56bfc062723c751e8b465ee728b) (PreviewImporter) -> (artifact id: 'aefc877b55249b2bd819bdb17f546bae') in 0.0086274 seconds
Number of updated asset objects reloaded before import = 0Number of asset objects unloaded after import = 3

========================================================================
Received Import Request.
  Time since last request: 0.000042 seconds.
  path: Assets/Tiles/Custom Edited - Mario Customs - Super Mario Bros 1 NES PICO-8-Style_100.asset
  artifactKey: Guid(c6e904fe03c689e4787e3a831535e1f6) Importer(815301076,1909f56bfc062723c751e8b465ee728b)
Start importing Assets/Tiles/Custom Edited - Mario Customs - Super Mario Bros 1 NES PICO-8-Style_100.asset using Guid(c6e904fe03c689e4787e3a831535e1f6) Importer(815301076,1909f56bfc062723c751e8b465ee728b) (PreviewImporter) -> (artifact id: 'ef5dd35ed1c71bac5795ec86be5d4453') in 0.0111523 seconds
Number of updated asset objects reloaded before import = 0Number of asset objects unloaded after import = 3

========================================================================
Received Import Request.
  Time since last request: 0.000038 seconds.
  path: Assets/Tiles/Custom Edited - Mario Customs - Super Mario Bros 1 NES PICO-8-Style_43.asset
  artifactKey: Guid(5b304577c3b19c546b829b3335c306ac) Importer(815301076,1909f56bfc062723c751e8b465ee728b)
Start importing Assets/Tiles/Custom Edited - Mario Customs - Super Mario Bros 1 NES PICO-8-Style_43.asset using Guid(5b304577c3b19c546b829b3335c306ac) Importer(815301076,1909f56bfc062723c751e8b465ee728b) (PreviewImporter) -> (artifact id: 'd26c53db0456a5178107f8805a7aa4cf') in 0.0081769 seconds
Number of updated asset objects reloaded before import = 0Number of asset objects unloaded after import = 3

========================================================================
Received Import Request.
  Time since last request: 0.000042 seconds.
  path: Assets/Tiles/Custom Edited - Mario Customs - Super Mario Bros 1 NES PICO-8-Style_59.asset
  artifactKey: Guid(d7e490f35c1b04740974fe12f1910df2) Importer(815301076,1909f56bfc062723c751e8b465ee728b)
Start importing Assets/Tiles/Custom Edited - Mario Customs - Super Mario Bros 1 NES PICO-8-Style_59.asset using Guid(d7e490f35c1b04740974fe12f1910df2) Importer(815301076,1909f56bfc062723c751e8b465ee728b) (PreviewImporter) -> (artifact id: '13f1f11fb6d5d184cd43a89e2efbdf4a') in 0.0073512 seconds
Number of updated asset objects reloaded before import = 0Number of asset objects unloaded after import = 3

========================================================================
Received Import Request.
  Time since last request: 0.000044 seconds.
  path: Assets/Tiles/Custom Edited - Mario Customs - Super Mario Bros 1 NES PICO-8-Style_54.asset
  artifactKey: Guid(dffc626d266b2e948a2842c7e8abb463) Importer(815301076,1909f56bfc062723c751e8b465ee728b)
Start importing Assets/Tiles/Custom Edited - Mario Customs - Super Mario Bros 1 NES PICO-8-Style_54.asset using Guid(dffc626d266b2e948a2842c7e8abb463) Importer(815301076,1909f56bfc062723c751e8b465ee728b) (PreviewImporter) -> (artifact id: 'e9b16c9d98e5965db7f20519d404c352') in 0.008164 seconds
Number of updated asset objects reloaded before import = 0Number of asset objects unloaded after import = 3

========================================================================
Received Import Request.
  Time since last request: 0.000050 seconds.
  path: Assets/Tiles/Custom Edited - Mario Customs - Super Mario Bros 1 NES PICO-8-Style_58.asset
  artifactKey: Guid(2d7215ab9c4ceec4abe99372dc4c4c60) Importer(815301076,1909f56bfc062723c751e8b465ee728b)
Start importing Assets/Tiles/Custom Edited - Mario Customs - Super Mario Bros 1 NES PICO-8-Style_58.asset using Guid(2d7215ab9c4ceec4abe99372dc4c4c60) Importer(815301076,1909f56bfc062723c751e8b465ee728b) (PreviewImporter) -> (artifact id: 'ae13d1166a3eca75685d52e3f29f561f') in 0.0068919 seconds
Number of updated asset objects reloaded before import = 0Number of asset objects unloaded after import = 3

========================================================================
Received Import Request.
  Time since last request: 0.000035 seconds.
  path: Assets/Tiles/Custom Edited - Mario Customs - Super Mario Bros 1 NES PICO-8-Style_51.asset
  artifactKey: Guid(9e50a5652ce1cb44ca447630557c510c) Importer(815301076,1909f56bfc062723c751e8b465ee728b)
Start importing Assets/Tiles/Custom Edited - Mario Customs - Super Mario Bros 1 NES PICO-8-Style_51.asset using Guid(9e50a5652ce1cb44ca447630557c510c) Importer(815301076,1909f56bfc062723c751e8b465ee728b) (PreviewImporter) -> (artifact id: '5f42da15bb0095f9f7a87fa30ecc4002') in 0.0094327 seconds
Number of updated asset objects reloaded before import = 0Number of asset objects unloaded after import = 3

========================================================================
Received Import Request.
  Time since last request: 0.000036 seconds.
  path: Assets/Tiles/Custom Edited - Mario Customs - Super Mario Bros 1 NES PICO-8-Style_34.asset
  artifactKey: Guid(7f63d41cc90083d4dbaf27f9f7634586) Importer(815301076,1909f56bfc062723c751e8b465ee728b)
Start importing Assets/Tiles/Custom Edited - Mario Customs - Super Mario Bros 1 NES PICO-8-Style_34.asset using Guid(7f63d41cc90083d4dbaf27f9f7634586) Importer(815301076,1909f56bfc062723c751e8b465ee728b) (PreviewImporter) -> (artifact id: 'b86842dc8062416df43aca1e843cf547') in 0.0069584 seconds
Number of updated asset objects reloaded before import = 0Number of asset objects unloaded after import = 3

========================================================================
Received Import Request.
  Time since last request: 0.000063 seconds.
  path: Assets/Tiles/Custom Edited - Mario Customs - Super Mario Bros 1 NES PICO-8-Style_32.asset
  artifactKey: Guid(bf746be0f81672d438e09aeb09147c96) Importer(815301076,1909f56bfc062723c751e8b465ee728b)
Start importing Assets/Tiles/Custom Edited - Mario Customs - Super Mario Bros 1 NES PICO-8-Style_32.asset using Guid(bf746be0f81672d438e09aeb09147c96) Importer(815301076,1909f56bfc062723c751e8b465ee728b) (PreviewImporter) -> (artifact id: 'ca7d5c3860186ce7531fa32ededf6059') in 0.0078283 seconds
Number of updated asset objects reloaded before import = 0Number of asset objects unloaded after import = 3

========================================================================
Received Import Request.
  Time since last request: 0.000038 seconds.
  path: Assets/Tiles/Custom Edited - Mario Customs - Super Mario Bros 1 NES PICO-8-Style_56.asset
  artifactKey: Guid(c799a1535bf88784083166117160e81a) Importer(815301076,1909f56bfc062723c751e8b465ee728b)
Start importing Assets/Tiles/Custom Edited - Mario Customs - Super Mario Bros 1 NES PICO-8-Style_56.asset using Guid(c799a1535bf88784083166117160e81a) Importer(815301076,1909f56bfc062723c751e8b465ee728b) (PreviewImporter) -> (artifact id: '5745d817ab08408b46ddd0dfe02e4523') in 0.0081324 seconds
Number of updated asset objects reloaded before import = 0Number of asset objects unloaded after import = 3

========================================================================
Received Import Request.
  Time since last request: 0.000032 seconds.
  path: Assets/Tiles/Custom Edited - Mario Customs - Super Mario Bros 1 NES PICO-8-Style_48.asset
  artifactKey: Guid(dbd72d61cbc548044a7fdccd83e3b387) Importer(815301076,1909f56bfc062723c751e8b465ee728b)
Start importing Assets/Tiles/Custom Edited - Mario Customs - Super Mario Bros 1 NES PICO-8-Style_48.asset using Guid(dbd72d61cbc548044a7fdccd83e3b387) Importer(815301076,1909f56bfc062723c751e8b465ee728b) (PreviewImporter) -> (artifact id: '2eff74646daf89d148304c27f77a361b') in 0.0090112 seconds
Number of updated asset objects reloaded before import = 0Number of asset objects unloaded after import = 3

========================================================================
Received Import Request.
  Time since last request: 0.000029 seconds.
  path: Assets/Tiles/Custom Edited - Mario Customs - Super Mario Bros 1 NES PICO-8-Style_44.asset
  artifactKey: Guid(9422e85d527d3be4b9ae9e4c175e299f) Importer(815301076,1909f56bfc062723c751e8b465ee728b)
Start importing Assets/Tiles/Custom Edited - Mario Customs - Super Mario Bros 1 NES PICO-8-Style_44.asset using Guid(9422e85d527d3be4b9ae9e4c175e299f) Importer(815301076,1909f56bfc062723c751e8b465ee728b) (PreviewImporter) -> (artifact id: 'fd44196914329515c06aa27ce82ad100') in 0.0087909 seconds
Number of updated asset objects reloaded before import = 0Number of asset objects unloaded after import = 3

Editor requested this worker to shutdown with reason: Scaling down because of idle timeout
AssetImportWorker is now disconnected from the server
Process exiting
Exiting without the bug reporter. Application will terminate with return code 0